Build started 09/10/2014 14:15:09.
     1>Project "P:\Windows\Programs\Develop\GitHub\Frogger\VS solution root\project\project.vcxproj" on node 2 (Build target(s)).
     1>ClCompile:
         P:\Windows\Programs\Develop\Microsoft\Microsoft Visual Studio 12.0\VC\bin\CL.exe /c /IP:\Windows\Programs\Develop\GitHub\Frogger\glut\include\GL /AIP:\Windows\Programs\Develop\GitHub\Frogger\glut /ZI /nologo /W3 /WX- /Od /Oy- /D WIN32 /D _DEBUG /D _CONSOLE /D _LIB /D _UNICODE /D UNICODE /Gm /EHsc /RTC1 /MDd /GS /fp:precise /Zc:wchar_t /Zc:forScope /Fo"Debug\\" /Fd"Debug\vc120.pdb" /Gd /TP /analyze- /errorReport:prompt ..\..\src\Car.cpp ..\..\src\DynamicObject.cpp ..\..\src\Entity.cpp ..\..\src\Frog.cpp ..\..\src\GameManager.cpp ..\..\src\GameObject.cpp ..\..\src\main.cpp ..\..\src\River.cpp ..\..\src\Riverside.cpp ..\..\src\Road.cpp ..\..\src\Roadside.cpp ..\..\src\StaticObject.cpp ..\..\src\Vector3.cpp
         Vector3.cpp
         StaticObject.cpp
         Roadside.cpp
         Road.cpp
         Riverside.cpp
         River.cpp
         main.cpp
         GameObject.cpp
         GameManager.cpp
     1>p:\windows\programs\develop\github\frogger\src\gamemanager.cpp(26): warning C4244: '=' : conversion from 'int' to 'float', possible loss of data
     1>p:\windows\programs\develop\github\frogger\src\gamemanager.cpp(27): warning C4244: '=' : conversion from 'int' to 'float', possible loss of data
     1>p:\windows\programs\develop\github\frogger\src\gamemanager.cpp(83): warning C4244: 'argument' : conversion from 'double' to 'GLfloat', possible loss of data
     1>p:\windows\programs\develop\github\frogger\src\gamemanager.cpp(84): warning C4244: 'argument' : conversion from 'double' to 'GLfloat', possible loss of data
         Frog.cpp
     1>p:\windows\programs\develop\github\frogger\src\frog.cpp(43): warning C4244: 'argument' : conversion from 'double' to 'GLfloat', possible loss of data
     1>p:\windows\programs\develop\github\frogger\src\frog.cpp(46): warning C4244: 'argument' : conversion from 'double' to 'GLint', possible loss of data
     1>p:\windows\programs\develop\github\frogger\src\frog.cpp(55): warning C4244: 'argument' : conversion from 'double' to 'GLfloat', possible loss of data
     1>p:\windows\programs\develop\github\frogger\src\frog.cpp(58): warning C4244: 'argument' : conversion from 'double' to 'GLint', possible loss of data
     1>p:\windows\programs\develop\github\frogger\src\frog.cpp(68): warning C4244: 'argument' : conversion from 'double' to 'GLfloat', possible loss of data
     1>p:\windows\programs\develop\github\frogger\src\frog.cpp(71): warning C4244: 'argument' : conversion from 'float' to 'GLint', possible loss of data
     1>p:\windows\programs\develop\github\frogger\src\frog.cpp(80): warning C4244: 'argument' : conversion from 'double' to 'GLfloat', possible loss of data
     1>p:\windows\programs\develop\github\frogger\src\frog.cpp(83): warning C4244: 'argument' : conversion from 'float' to 'GLint', possible loss of data
     1>p:\windows\programs\develop\github\frogger\src\frog.cpp(89): warning C4244: 'argument' : conversion from 'double' to 'GLfloat', possible loss of data
     1>p:\windows\programs\develop\github\frogger\src\frog.cpp(98): warning C4244: 'argument' : conversion from 'double' to 'GLfloat', possible loss of data
         Entity.cpp
         DynamicObject.cpp
         Car.cpp
     1>p:\windows\programs\develop\github\frogger\src\car.cpp(25): warning C4305: 'argument' : truncation from 'double' to 'GLfloat'
     1>p:\windows\programs\develop\github\frogger\src\car.cpp(40): warning C4305: 'argument' : truncation from 'double' to 'GLfloat'
     1>p:\windows\programs\develop\github\frogger\src\car.cpp(50): warning C4305: 'argument' : truncation from 'double' to 'GLfloat'
     1>p:\windows\programs\develop\github\frogger\src\car.cpp(61): warning C4305: 'argument' : truncation from 'double' to 'GLfloat'
     1>p:\windows\programs\develop\github\frogger\src\car.cpp(71): warning C4305: 'argument' : truncation from 'double' to 'GLfloat'
         Generating Code...
     1>p:\windows\programs\develop\github\frogger\src\vector3.cpp(36): error C4716: 'Vector3::operator=' : must return a value
     1>p:\windows\programs\develop\github\frogger\src\vector3.cpp(43): error C4716: 'Vector3::operator*' : must return a value
     1>p:\windows\programs\develop\github\frogger\src\vector3.cpp(57): error C4716: 'Vector3::operator-' : must return a value
     1>p:\windows\programs\develop\github\frogger\src\vector3.cpp(50): error C4716: 'Vector3::operator+' : must return a value
     1>Done Building Project "P:\Windows\Programs\Develop\GitHub\Frogger\VS solution root\project\project.vcxproj" (Build target(s)) -- FAILED.

Build FAILED.

Time Elapsed 00:00:02.99
