p:\windows\programs\develop\github\frogger\vs solution root\frogger\debug\vc120.pdb
p:\windows\programs\develop\github\frogger\vs solution root\frogger\debug\vc120.idb
p:\windows\programs\develop\github\frogger\vs solution root\frogger\debug\main.obj
p:\windows\programs\develop\github\frogger\vs solution root\frogger\debug\reshape.obj
p:\windows\programs\develop\github\frogger\vs solution root\frogger\debug\shape.obj
p:\windows\programs\develop\github\frogger\vs solution root\frogger\debug\vector.obj
p:\windows\programs\develop\github\frogger\vs solution root\frogger\debug\camera.obj
p:\windows\programs\develop\github\frogger\vs solution root\frogger\debug\orthogonalcamera.obj
p:\windows\programs\develop\github\frogger\vs solution root\frogger\debug\perspectivecamera.obj
p:\windows\programs\develop\github\frogger\vs solution root\frogger\debug\vector3.obj
p:\windows\programs\develop\github\frogger\vs solution root\frogger\debug\vector4.obj
p:\windows\programs\develop\github\frogger\vs solution root\frogger\debug\entity.obj
p:\windows\programs\develop\github\frogger\vs solution root\frogger\debug\car.obj
p:\windows\programs\develop\github\frogger\vs solution root\frogger\debug\frog.obj
p:\windows\programs\develop\github\frogger\vs solution root\frogger\debug\dynamicobject.obj
p:\windows\programs\develop\github\frogger\vs solution root\frogger\debug\gamemanager.obj
p:\windows\programs\develop\github\frogger\vs solution root\frogger\debug\gameobject.obj
p:\windows\programs\develop\github\frogger\vs solution root\frogger\debug\river.obj
p:\windows\programs\develop\github\frogger\vs solution root\frogger\debug\riverside.obj
p:\windows\programs\develop\github\frogger\vs solution root\frogger\debug\road.obj
p:\windows\programs\develop\github\frogger\vs solution root\frogger\debug\roadside.obj
p:\windows\programs\develop\github\frogger\vs solution root\frogger\debug\staticobject.obj
p:\windows\programs\develop\github\frogger\vs solution root\frogger\debug\frogger.tlog\cl.command.1.tlog
p:\windows\programs\develop\github\frogger\vs solution root\frogger\debug\frogger.tlog\cl.read.1.tlog
p:\windows\programs\develop\github\frogger\vs solution root\frogger\debug\frogger.tlog\cl.write.1.tlog
